Arguments: 
  C:\Program Files\nodejs\node.exe C:\Users\maora\AppData\Roaming\npm\node_modules\yarn\bin\yarn.js

PATH: 
  C:\Program Files\Common Files\Oracle\Java\javapath;C:\Program Files\Oculus\Support\oculus-runtime;C:\Program Files (x86)\Common Files\Oracle\Java\javapath;C:\Program Files (x86)\Intel\Intel(R) Management Engine Components\iCLS\;C:\Program Files\Intel\Intel(R) Management Engine Components\iCLS\;C:\Windows\system32;C:\Windows;C:\Windows\System32\Wbem;C:\Windows\System32\WindowsPowerShell\v1.0\;C:\Program Files (x86)\Intel\Intel(R) Management Engine Components\DAL;C:\Program Files\Intel\Intel(R) Management Engine Components\DAL;C:\Program Files (x86)\Intel\Intel(R) Management Engine Components\IPT;C:\Program Files\Intel\Intel(R) Management Engine Components\IPT;C:\Program Files\Intel\WiFi\bin\;C:\Program Files\Common Files\Intel\WirelessCommon\;C:\Windows\System32\OpenSSH\;C:\Program Files (x86)\Microsoft SQL Server\Client SDK\ODBC\130\Tools\Binn\;C:\Program Files (x86)\Microsoft SQL Server\140\Tools\Binn\;C:\Program Files (x86)\Microsoft SQL Server\140\DTS\Binn\;C:\Program Files (x86)\Microsoft SQL Server\140\Tools\Binn\ManagementStudio\;C:\Program Files\Microsoft SQL Server\Client SDK\ODBC\130\Tools\Binn\;C:\Program Files\Microsoft SQL Server\140\Tools\Binn\;C:\Program Files\Microsoft SQL Server\140\DTS\Binn\;C:\Program Files\Java\jdk-11.0.3\bin;C:\WINDOWS\system32;C:\WINDOWS;C:\WINDOWS\System32\Wbem;C:\WINDOWS\System32\WindowsPowerShell\v1.0\;C:\WINDOWS\System32\OpenSSH\;C:\Program Files\OpenSSL-Win64\bin;C:\Program Files\Git\bin;C:\Program Files\Git\cmd;C:\Users\maora\AppData\Roaming\npm;C:\Program Files (x86)\NVIDIA Corporation\PhysX\Common;C:\Program Files\NVIDIA Corporation\NVIDIA NvDLISR;C:\Program Files\nodejs\;C:\Program Files\GitHub CLI\;C:\Program Files\MongoDB\Server\6.0\bin;;C:\Program Files (x86)\WinMerge;C:\Users\maora\AppData\Local\Programs\Python\Python39\Scripts\;C:\Users\maora\AppData\Local\Programs\Python\Python39\;c:\users\maora\appdata\roaming\python\python39\scripts;c:\users\maora\.local\bin;C:\Users\maora\AppData\Local\Programs\Microsoft VS Code\bin;C:\Program Files\heroku\bin;;C:\Users\maora\Apps\go-ipfs_v0.12.0\go-ipfs

Yarn version: 
  1.22.18

Node version: 
  16.14.2

Platform: 
  win32 x64

Trace: 
  Error: EPERM: operation not permitted, unlink 'C:\Users\maora\Desktop\Projects\hardhat\fantera\node_modules\@nomicfoundation\.solidity-analyzer-win32-x64-msvc-gAopA7O1\solidity-analyzer.win32-x64-msvc.node'

npm manifest: 
  {
    "name": "hardhat-project",
    "devDependencies": {
      "@nomicfoundation/hardhat-toolbox": "^2.0.0",
      "@metamask/eslint-config": "^2.0.0",
      "eslint": "^6.8.0",
      "eslint-plugin-import": "^2.20.1",
      "eslint-plugin-json": "^2.0.1",
      "static-server": "^2.2.1"
    },
    "dependencies": {
      "@openzeppelin/contracts": "^4.7.3"
    }
  }

yarn manifest: 
  No manifest

Lockfile: 
  No lockfile
